[sftp2] 2025-05-08 07:23:13 → Hello from sftp2
[sftp1] 2025-05-08 20:38:40 → Hello from sftp1
[sftp2] 2025-05-08 20:50:01 → Hello from sftp2
[sftp2] 2025-05-08 20:55:01 → Hello from sftp2
[sftp1] 2025-05-08 20:59:45 → Hello from sftp1
[sftp2] 2025-05-08 21:00:01 → Hello from sftp2
[sftp2] 2025-05-08 21:05:01 → Hello from sftp2
[sftp2] 2025-05-08 21:10:01 → Hello from sftp2
[sftp2] 2025-05-08 21:15:01 → Hello from sftp2
[sftp2] 2025-05-08 21:20:01 → Hello from sftp2
[sftp2] 2025-05-08 21:21:30 → Hello from sftp2
[sftp2] 2025-05-08 21:25:01 → Hello from sftp2
[sftp2] 2025-05-08 21:25:43 → Hello from sftp2
[sftp2] 2025-05-08 21:30:01 → Hello from sftp2
[sftp2] 2025-05-08 21:35:01 → Hello from sftp2
[sftp2] 2025-05-08 21:40:01 → Hello from sftp2
[sftp2] 2025-05-08 21:45:01 → Hello from sftp2
[sftp2] 2025-05-08 21:50:01 → Hello from sftp2
[2025-05-08 21:51:52] Created by sftp1 ()
[sftp2] 2025-05-08 21:55:01 → Hello from sftp2
[sftp2] 2025-05-08 22:00:01 → Hello from sftp2
[sftp2] 2025-05-08 22:05:01 → Hello from sftp2
[sftp2] 2025-05-08 22:10:01 → Hello from sftp2
[sftp2] 2025-05-08 22:15:01 → Hello from sftp2
[sftp2] 2025-05-08 22:20:01 → Hello from sftp2
[sftp2] 2025-05-08 22:25:01 → Hello from sftp2
[sftp2] 2025-05-08 22:30:01 → Hello from sftp2
[sftp2] 2025-05-08 22:35:01 → Hello from sftp2
[sftp2] 2025-05-08 22:40:01 → Hello from sftp2
[sftp2] 2025-05-08 22:45:01 → Hello from sftp2
[sftp2] 2025-05-08 22:50:01 → Hello from sftp2
[sftp2] 2025-05-08 22:55:01 → Hello from sftp2
[sftp2] 2025-05-08 23:00:01 → Hello from sftp2
[sftp2] 2025-05-08 23:05:01 → Hello from sftp2
[sftp2] 2025-05-08 23:10:01 → Hello from sftp2
[sftp2] 2025-05-08 23:15:01 → Hello from sftp2
[sftp2] 2025-05-08 23:20:01 → Hello from sftp2
[sftp2] 2025-05-08 23:25:01 → Hello from sftp2
[sftp2] 2025-05-08 23:30:01 → Hello from sftp2
[sftp2] 2025-05-08 23:35:01 → Hello from sftp2
[sftp2] 2025-05-08 23:40:01 → Hello from sftp2
[sftp2] 2025-05-08 23:45:01 → Hello from sftp2
[sftp2] 2025-05-08 23:50:01 → Hello from sftp2
[sftp2] 2025-05-08 23:55:01 → Hello from sftp2
[sftp2] 2025-05-09 00:00:01 → Hello from sftp2
[sftp2] 2025-05-09 00:05:01 → Hello from sftp2
[sftp2] 2025-05-09 00:10:01 → Hello from sftp2
[sftp2] 2025-05-09 00:15:01 → Hello from sftp2
[sftp2] 2025-05-09 00:20:01 → Hello from sftp2
[sftp2] 2025-05-09 00:25:01 → Hello from sftp2
[sftp2] 2025-05-09 00:30:01 → Hello from sftp2
[sftp2] 2025-05-09 00:35:01 → Hello from sftp2
[sftp2] 2025-05-09 00:40:01 → Hello from sftp2
[sftp2] 2025-05-09 00:45:01 → Hello from sftp2
[sftp2] 2025-05-09 00:50:01 → Hello from sftp2
[sftp2] 2025-05-09 00:55:01 → Hello from sftp2
[sftp2] 2025-05-09 01:00:01 → Hello from sftp2
[sftp2] 2025-05-09 01:05:01 → Hello from sftp2
[sftp2] 2025-05-09 01:10:01 → Hello from sftp2
[sftp2] 2025-05-09 01:15:01 → Hello from sftp2
[sftp2] 2025-05-09 01:20:01 → Hello from sftp2
[sftp2] 2025-05-09 01:25:01 → Hello from sftp2
[sftp2] 2025-05-09 01:30:01 → Hello from sftp2
[sftp2] 2025-05-09 01:35:01 → Hello from sftp2
[sftp2] 2025-05-09 01:40:01 → Hello from sftp2
[sftp2] 2025-05-09 01:45:01 → Hello from sftp2
[sftp2] 2025-05-09 01:50:01 → Hello from sftp2
[sftp2] 2025-05-09 01:55:01 → Hello from sftp2
[sftp2] 2025-05-09 02:00:01 → Hello from sftp2
[sftp2] 2025-05-09 02:05:01 → Hello from sftp2
[sftp2] 2025-05-09 02:10:01 → Hello from sftp2
[sftp2] 2025-05-09 02:15:01 → Hello from sftp2
[sftp2] 2025-05-09 02:20:01 → Hello from sftp2
[sftp2] 2025-05-09 02:25:01 → Hello from sftp2
[sftp2] 2025-05-09 02:30:01 → Hello from sftp2
[sftp2] 2025-05-09 02:35:01 → Hello from sftp2
[sftp2] 2025-05-09 02:40:01 → Hello from sftp2
[sftp2] 2025-05-09 02:45:01 → Hello from sftp2
[sftp2] 2025-05-09 02:50:01 → Hello from sftp2
[sftp2] 2025-05-09 02:55:01 → Hello from sftp2
[sftp2] 2025-05-09 03:00:01 → Hello from sftp2
[sftp2] 2025-05-09 03:05:01 → Hello from sftp2
[sftp2] 2025-05-09 03:10:01 → Hello from sftp2
[sftp2] 2025-05-09 03:15:01 → Hello from sftp2
[sftp2] 2025-05-09 03:20:01 → Hello from sftp2
[sftp2] 2025-05-09 03:25:01 → Hello from sftp2
[sftp2] 2025-05-09 03:30:01 → Hello from sftp2
[sftp2] 2025-05-09 03:35:01 → Hello from sftp2
[sftp2] 2025-05-09 03:40:01 → Hello from sftp2
[sftp2] 2025-05-09 03:45:01 → Hello from sftp2
[sftp2] 2025-05-09 03:50:01 → Hello from sftp2
[sftp2] 2025-05-09 03:55:01 → Hello from sftp2
[sftp2] 2025-05-09 04:00:01 → Hello from sftp2
[sftp2] 2025-05-09 04:05:01 → Hello from sftp2
[sftp2] 2025-05-09 04:10:01 → Hello from sftp2
[sftp2] 2025-05-09 04:15:01 → Hello from sftp2
[sftp2] 2025-05-09 04:20:01 → Hello from sftp2
[sftp2] 2025-05-09 04:25:01 → Hello from sftp2
[sftp2] 2025-05-09 04:30:01 → Hello from sftp2
[sftp2] 2025-05-09 04:35:01 → Hello from sftp2
[sftp2] 2025-05-09 04:40:01 → Hello from sftp2
[sftp2] 2025-05-09 04:45:01 → Hello from sftp2
[sftp2] 2025-05-09 04:50:01 → Hello from sftp2
[sftp2] 2025-05-09 04:55:01 → Hello from sftp2
[sftp2] 2025-05-09 05:00:01 → Hello from sftp2
[sftp2] 2025-05-09 05:05:01 → Hello from sftp2
[sftp2] 2025-05-09 05:10:01 → Hello from sftp2
[sftp2] 2025-05-09 05:15:01 → Hello from sftp2
[sftp2] 2025-05-09 05:20:01 → Hello from sftp2
[sftp2] 2025-05-09 05:25:01 → Hello from sftp2
[sftp2] 2025-05-09 05:30:01 → Hello from sftp2
[sftp2] 2025-05-09 05:35:01 → Hello from sftp2
[sftp2] 2025-05-09 05:40:01 → Hello from sftp2
[sftp2] 2025-05-09 05:45:01 → Hello from sftp2
[sftp2] 2025-05-09 05:50:01 → Hello from sftp2
[sftp2] 2025-05-09 05:55:01 → Hello from sftp2
[sftp2] 2025-05-09 06:00:01 → Hello from sftp2
[sftp2] 2025-05-09 06:05:01 → Hello from sftp2
[sftp2] 2025-05-09 06:10:01 → Hello from sftp2
[sftp2] 2025-05-09 06:15:01 → Hello from sftp2
[sftp2] 2025-05-09 06:20:01 → Hello from sftp2
[sftp2] 2025-05-09 06:25:01 → Hello from sftp2
[sftp2] 2025-05-09 06:30:01 → Hello from sftp2
[sftp2] 2025-05-09 06:35:01 → Hello from sftp2
[sftp2] 2025-05-09 06:40:01 → Hello from sftp2
[sftp2] 2025-05-09 06:45:01 → Hello from sftp2
[sftp2] 2025-05-09 06:50:01 → Hello from sftp2
[sftp2] 2025-05-09 06:55:01 → Hello from sftp2
[sftp2] 2025-05-09 07:00:02 → Hello from sftp2
[sftp2] 2025-05-09 07:05:01 → Hello from sftp2
[sftp2] 2025-05-09 07:10:01 → Hello from sftp2
[sftp2] 2025-05-09 07:15:01 → Hello from sftp2
[sftp2] 2025-05-09 07:20:01 → Hello from sftp2
[sftp2] 2025-05-09 07:25:01 → Hello from sftp2
[sftp2] 2025-05-09 07:30:01 → Hello from sftp2
[sftp2] 2025-05-09 07:35:01 → Hello from sftp2
[sftp2] 2025-05-09 07:40:01 → Hello from sftp2
[sftp2] 2025-05-09 07:45:01 → Hello from sftp2
[sftp2] 2025-05-09 07:50:01 → Hello from sftp2
[sftp2] 2025-05-09 07:55:01 → Hello from sftp2
[sftp2] 2025-05-09 08:00:01 → Hello from sftp2
[sftp2] 2025-05-09 08:05:01 → Hello from sftp2
[sftp2] 2025-05-09 08:10:01 → Hello from sftp2
[sftp2] 2025-05-09 08:15:01 → Hello from sftp2
[2025-05-09 08:18:25] Created by sftp1 ()
[sftp2] 2025-05-09 08:20:01 → Hello from sftp2
[sftp2] 2025-05-09 08:25:01 → Hello from sftp2
[sftp2] 2025-05-09 08:30:01 → Hello from sftp2
[sftp2] 2025-05-09 08:35:01 → Hello from sftp2
[2025-05-09 08:35:01] Created by sftp1 ()
[2025-05-09 08:35:35] Created by sftp1 (10.0.2.15)
[2025-05-09 08:40:01] Created by sftp1 ()
[sftp2] 2025-05-09 08:40:01 → Hello from sftp2
[2025-05-09 08:43:35] Created by sftp1 (10.0.2.15)
[2025-05-09 08:45:01] Created by sftp1 ()
[sftp2] 2025-05-09 08:45:01 → Hello from sftp2
[2025-05-09 08:45:56] Created by sftp2 (10.0.2.15)
[2025-05-09 08:46:03] Created by sftp2 (10.0.2.15)
[2025-05-09 08:50:01] Created by sftp1 ()
[sftp2] 2025-05-09 08:50:01 → Hello from sftp2
[2025-05-09 08:52:21] Created by sftp2 (10.0.2.15)
[sftp2] 2025-05-09 08:55:01 → Hello from sftp2
[2025-05-09 08:55:01] Created by sftp1 ()
[sftp2] 2025-05-09 09:00:01 → Hello from sftp2
[2025-05-09 09:00:01] Created by sftp1 ()
[2025-05-09 09:00:35] Created by sftp1 (10.0.2.15)
[sftp2] 2025-05-09 09:05:01 → Hello from sftp2
[2025-05-09 09:05:01] Created by sftp1 ()
[2025-05-09 09:10:01] Created by sftp1 ()
[sftp2] 2025-05-09 09:10:01 → Hello from sftp2
[sftp2] 2025-05-09 09:15:01 → Hello from sftp2
[2025-05-09 09:15:01] Created by sftp1 ()
[2025-05-09 09:16:39] Created by sftp1 (10.0.2.15)
[sftp2] 2025-05-09 09:20:01 → Hello from sftp2
[2025-05-09 09:20:01] Created by sftp1 ()
[2025-05-09 09:25:01] Created by sftp1 ()
[sftp2] 2025-05-09 09:25:01 → Hello from sftp2
[sftp2] 2025-05-09 09:30:01 → Hello from sftp2
[2025-05-09 09:30:01] Created by sftp1 ()
[2025-05-09 09:55:01] Created by sftp2 ()
[2025-05-09 09:55:01] Created by sftp1 ()
[2025-05-09 10:00:01] Created by sftp2 ()
[2025-05-09 10:00:01] Created by sftp1 ()
[2025-05-09 10:03:38] Created by sftp1 (10.0.2.15)
[2025-05-09 10:05:01] Created by sftp2 ()
[2025-05-09 10:05:01] Created by sftp1 ()
[sftp2] 2025-05-09 10:10:01 -> Hello from sftp2
[sftp2] 2025-05-09 10:10:15 -> Hello from sftp2
[sftp2] 2025-05-09 10:15:01 -> Hello from sftp2
[sftp1] 2025-05-09 10:15:01 -> Hello from sftp1
[2025-05-09 10:20:01] Created by sftp2 from 192.168.56.12
[2025-05-09 10:20:01] Created by sftp1 from 192.168.56.11
[2025-05-09 10:25:01] Created by sftp2 from 192.168.56.12
[2025-05-09 10:25:01] Created by sftp1 from 192.168.56.11
[2025-05-09 10:30:01] Created by sftp2 from 192.168.56.12
[2025-05-09 10:30:01] Created by sftp1 from 192.168.56.11
[2025-05-09 10:35:01] Created by sftp2 from 192.168.56.12
[2025-05-09 10:35:01] Created by sftp1 from 192.168.56.11
[2025-05-09 10:40:02] Created by sftp1 from 192.168.56.11
[2025-05-09 10:40:01] Created by sftp2 from 192.168.56.12
[2025-05-09 10:45:01] Created by sftp2 from 192.168.56.12
[2025-05-09 10:45:01] Created by sftp1 from 192.168.56.11
[2025-05-09 10:50:01] Created by sftp1 from 192.168.56.11
[2025-05-09 10:50:01] Created by sftp2 from 192.168.56.12
[2025-05-09 10:55:01] Created by sftp2 from 192.168.56.12
[2025-05-09 10:55:01] Created by sftp1 from 192.168.56.11
[2025-05-09 11:00:01] Created by sftp1 from 192.168.56.11
[2025-05-09 11:00:01] Created by sftp2 from 192.168.56.12
[2025-05-09 11:05:01] Created by sftp2 from 192.168.56.12
[2025-05-09 11:05:01] Created by sftp1 from 192.168.56.11
[2025-05-09 11:10:01] Created by sftp2 from 192.168.56.12
[2025-05-09 11:10:01] Created by sftp1 from 192.168.56.11
[2025-05-09 11:15:01] Created by sftp2 from 192.168.56.12
[2025-05-09 11:15:01] Created by sftp1 from 192.168.56.11
[2025-05-09 11:20:01] Created by sftp2 from 192.168.56.12
[2025-05-09 11:20:01] Created by sftp1 from 192.168.56.11
